0 verbose cli /usr/bin/node /usr/bin/npm
1 info using npm@10.9.7
2 info using node@v22.22.2
3 silly config load:file:/usr/lib/node_modules/npm/npmrc
4 silly config load:file:/home/agent/agent-dev/worktrees/skeleton/issue-785/build_wled/WLED/.npmrc
5 silly config load:file:/home/agent/agent-dev/worktrees/skeleton/issue-785/build_wled/home/.npmrc
6 silly config load:file:/usr/etc/npmrc
7 verbose title npm install
8 verbose argv "install"
9 verbose logfile logs-max:10 dir:/home/agent/agent-dev/worktrees/skeleton/issue-785/build_wled/home/.npm/_logs/2026-06-07T10_31_47_807Z-
10 verbose logfile /home/agent/agent-dev/worktrees/skeleton/issue-785/build_wled/home/.npm/_logs/2026-06-07T10_31_47_807Z-debug-0.log
11 silly logfile done cleaning log files
12 http fetch GET https://registry.npmjs.org/npm attempt 1 failed with EAI_AGAIN
13 silly packumentCache heap:2050228224 maxSize:512557056 maxEntrySize:256278528
14 silly idealTree buildDeps
15 silly reify moves {}
16 silly audit bulk request {
16 silly audit   '@jridgewell/gen-mapping': [ '0.3.5' ],
16 silly audit   '@jridgewell/resolve-uri': [ '3.1.2' ],
16 silly audit   '@jridgewell/set-array': [ '1.2.1' ],
16 silly audit   '@jridgewell/source-map': [ '0.3.6' ],
16 silly audit   '@jridgewell/sourcemap-codec': [ '1.5.0' ],
16 silly audit   '@jridgewell/trace-mapping': [ '0.3.25' ],
16 silly audit   acorn: [ '8.12.1' ],
16 silly audit   ajv: [ '6.12.6' ],
16 silly audit   'align-text': [ '0.1.4' ],
16 silly audit   'ansi-escapes': [ '1.4.0' ],
16 silly audit   'ansi-regex': [ '2.1.1' ],
16 silly audit   'ansi-styles': [ '2.2.1' ],
16 silly audit   anymatch: [ '3.1.3' ],
16 silly audit   argparse: [ '1.0.10' ],
16 silly audit   asap: [ '2.0.6' ],
16 silly audit   asn1: [ '0.2.6' ],
16 silly audit   'assert-plus': [ '1.0.0' ],
16 silly audit   asynckit: [ '0.4.0' ],
16 silly audit   'aws-sign2': [ '0.7.0' ],
16 silly audit   aws4: [ '1.13.2' ],
16 silly audit   'balanced-match': [ '1.0.2' ],
16 silly audit   'bcrypt-pbkdf': [ '1.0.2' ],
16 silly audit   'binary-extensions': [ '2.3.0' ],
16 silly audit   boolbase: [ '1.0.0' ],
16 silly audit   'brace-expansion': [ '1.1.11' ],
16 silly audit   braces: [ '3.0.3' ],
16 silly audit   'buffer-from': [ '1.1.2' ],
16 silly audit   'camel-case': [ '4.1.2' ],
16 silly audit   camelcase: [ '1.2.1' ],
16 silly audit   caseless: [ '0.12.0' ],
16 silly audit   'center-align': [ '0.1.3' ],
16 silly audit   chalk: [ '1.1.3' ],
16 silly audit   charset: [ '1.0.1' ],
16 silly audit   cheerio: [ '0.19.0' ],
16 silly audit   entities: [ '1.1.2', '4.5.0', '1.0.0' ],
16 silly audit   chokidar: [ '3.6.0' ],
16 silly audit   clap: [ '1.2.3' ],
16 silly audit   'clean-css': [ '5.3.3' ],
16 silly audit   cliui: [ '2.1.0' ],
16 silly audit   coa: [ '1.0.4' ],
16 silly audit   colors: [ '1.1.2' ],
16 silly audit   'combined-stream': [ '1.0.8' ],
16 silly audit   commander: [ '10.0.1', '2.20.3' ],
16 silly audit   'concat-map': [ '0.0.1' ],
16 silly audit   configstore: [ '1.4.0' ],
16 silly audit   uuid: [ '2.0.3', '3.4.0' ],
16 silly audit   'core-util-is': [ '1.0.3', '1.0.2' ],
16 silly audit   'css-select': [ '1.0.0' ],
16 silly audit   'css-what': [ '1.0.0' ],
16 silly audit   csso: [ '2.0.0' ],
16 silly audit   'source-map': [ '0.5.7', '0.6.1' ],
16 silly audit   dashdash: [ '1.14.1' ],
16 silly audit   debug: [ '2.6.9', '4.3.7' ],
16 silly audit   decamelize: [ '1.2.0' ],
16 silly audit   'deep-extend': [ '0.6.0' ],
16 silly audit   'delayed-stream': [ '1.0.0' ],
16 silly audit   'dom-serializer': [ '0.1.1' ],
16 silly audit   domelementtype: [ '1.3.1' ],
16 silly audit   domhandler: [ '2.3.0' ],
16 silly audit   domutils: [ '1.4.3', '1.5.1' ],
16 silly audit   'dot-case': [ '3.0.4' ],
16 silly audit   duplexify: [ '3.7.1' ],
16 silly audit   isarray: [ '1.0.0', '0.0.1' ],
16 silly audit   'readable-stream': [ '2.3.8', '1.1.14' ],
16 silly audit   'safe-buffer': [ '5.1.2', '5.2.1' ],
16 silly audit   string_decoder: [ '1.1.1', '0.10.31' ],
16 silly audit   'ecc-jsbn': [ '0.1.2' ],
16 silly audit   'end-of-stream': [ '1.4.4' ],
16 silly audit   'es6-promise': [ '2.3.0' ],
16 silly audit   'escape-string-regexp': [ '1.0.5' ],
16 silly audit   esprima: [ '2.7.3' ],
16 silly audit   extend: [ '3.0.2' ],
16 silly audit   extsprintf: [ '1.3.0' ],
16 silly audit   'fast-deep-equal': [ '3.1.3' ],
16 silly audit   'fast-json-stable-stringify': [ '2.1.0' ],
16 silly audit   'fill-range': [ '7.1.1' ],
16 silly audit   'forever-agent': [ '0.6.1' ],
16 silly audit   'form-data': [ '2.3.3' ],
16 silly audit   fsevents: [ '2.3.3' ],
16 silly audit   getpass: [ '0.1.7' ],
16 silly audit   'glob-parent': [ '5.1.2' ],
16 silly audit   got: [ '3.3.1' ],
16 silly audit   'object-assign': [ '3.0.0', '4.1.1' ],
16 silly audit   'graceful-fs': [ '4.2.11' ],
16 silly audit   'har-schema': [ '2.0.0' ],
16 silly audit   'har-validator': [ '5.1.5' ],
16 silly audit   'has-ansi': [ '2.0.0' ],
16 silly audit   'has-flag': [ '3.0.0' ],
16 silly audit   'html-minifier-terser': [ '7.2.0' ],
16 silly audit   htmlparser2: [ '3.8.3' ],
16 silly audit   'http-signature': [ '1.2.0' ],
16 silly audit   'iconv-lite': [ '0.4.24' ],
16 silly audit   'ignore-by-default': [ '1.0.1' ],
16 silly audit   imurmurhash: [ '0.1.4' ],
16 silly audit   'infinity-agent': [ '2.0.3' ],
16 silly audit   inherits: [ '2.0.4' ],
16 silly audit   ini: [ '1.3.8' ],
16 silly audit   inliner: [ '1.13.1' ],
16 silly audit   'is-binary-path': [ '2.1.0' ],
16 silly audit   'is-buffer': [ '1.1.6' ],
16 silly audit   'is-extglob': [ '2.1.1' ],
16 silly audit   'is-finite': [ '1.1.0' ],
16 silly audit   'is-glob': [ '4.0.3' ],
16 silly audit   'is-npm': [ '1.0.0' ],
16 silly audit   'is-number': [ '7.0.0' ],
16 silly audit   'is-redirect': [ '1.0.0' ],
16 silly audit   'is-stream': [ '1.1.0' ],
16 silly audit   'is-typedarray': [ '1.0.0' ],
16 silly audit   isstream: [ '0.1.2' ],
16 silly audit   'js-yaml': [ '3.6.1' ],
16 silly audit   jsbn: [ '0.1.1' ],
16 silly audit   jschardet: [ '1.6.0' ],
16 silly audit   'json-schema': [ '0.4.0' ],
16 silly audit   'json-schema-traverse': [ '0.4.1' ],
16 silly audit   'json-stringify-safe': [ '5.0.1' ],
16 silly audit   jsprim: [ '1.4.2' ],
16 silly audit   'kind-of': [ '3.2.2' ],
16 silly audit   'latest-version': [ '1.0.1' ],
16 silly audit   'lazy-cache': [ '1.0.4' ],
16 silly audit   lodash: [ '3.10.1' ],
16 silly audit   'lodash._arrayeach': [ '3.0.0' ],
16 silly audit   'lodash._baseassign': [ '3.2.0' ],
16 silly audit   'lodash._basecopy': [ '3.0.1' ],
16 silly audit   'lodash._baseeach': [ '3.0.4' ],
16 silly audit   'lodash._bindcallback': [ '3.0.1' ],
16 silly audit   'lodash._createassigner': [ '3.1.1' ],
16 silly audit   'lodash._getnative': [ '3.9.1' ],
16 silly audit   'lodash._isiterateecall': [ '3.0.9' ],
16 silly audit   'lodash.assign': [ '3.2.0' ],
16 silly audit   'lodash.defaults': [ '3.1.2' ],
16 silly audit   'lodash.foreach': [ '3.0.3' ],
16 silly audit   'lodash.isarguments': [ '3.1.0' ],
16 silly audit   'lodash.isarray': [ '3.0.4' ],
16 silly audit   'lodash.keys': [ '3.1.2' ],
16 silly audit   'lodash.restparam': [ '3.6.1' ],
16 silly audit   longest: [ '1.0.1' ],
16 silly audit   'lower-case': [ '2.0.2' ],
16 silly audit   'lowercase-keys': [ '1.0.1' ],
16 silly audit   mime: [ '1.6.0' ],
16 silly audit   'mime-db': [ '1.52.0' ],
16 silly audit   'mime-types': [ '2.1.35' ],
16 silly audit   minimatch: [ '3.1.2' ],
16 silly audit   minimist: [ '1.2.8' ],
16 silly audit   mkdirp: [ '0.5.6' ],
16 silly audit   ms: [ '2.0.0', '2.1.3' ],
16 silly audit   'nested-error-stacks': [ '1.0.2' ],
16 silly audit   'no-case': [ '3.0.4' ],
16 silly audit   nodemon: [ '3.1.7' ],
16 silly audit   'supports-color': [ '5.5.0', '2.0.0' ],
16 silly audit   'normalize-path': [ '3.0.0' ],
16 silly audit   'nth-check': [ '1.0.2' ],
16 silly audit   'oauth-sign': [ '0.9.0' ],
16 silly audit   once: [ '1.4.0' ],
16 silly audit   'os-homedir': [ '1.0.2' ],
16 silly audit   'os-tmpdir': [ '1.0.2' ],
16 silly audit   osenv: [ '0.1.5' ],
16 silly audit   'package-json': [ '1.2.0' ],
16 silly audit   'param-case': [ '3.0.4' ],
16 silly audit   'pascal-case': [ '3.1.2' ],
16 silly audit   'performance-now': [ '2.1.0' ],
16 silly audit   picomatch: [ '2.3.1' ],
16 silly audit   pinkie: [ '2.0.4' ],
16 silly audit   'pinkie-promise': [ '2.0.1' ],
16 silly audit   'prepend-http': [ '1.0.4' ],
16 silly audit   'process-nextick-args': [ '2.0.1' ],
16 silly audit   promise: [ '7.3.1' ],
16 silly audit   psl: [ '1.9.0' ],
16 silly audit   'pstree.remy': [ '1.1.8' ],
16 silly audit   punycode: [ '2.3.1' ],
16 silly audit   q: [ '1.5.1' ],
16 silly audit   qs: [ '6.5.3' ],
16 silly audit   rc: [ '1.2.8' ],
16 silly audit   'read-all-stream': [ '3.1.0' ],
16 silly audit   readdirp: [ '3.6.0' ],
16 silly audit   'registry-url': [ '3.1.0' ],
16 silly audit   relateurl: [ '0.2.7' ],
16 silly audit   'repeat-string': [ '1.6.1' ],
16 silly audit   repeating: [ '1.1.3' ],
16 silly audit   request: [ '2.88.2' ],
16 silly audit   'right-align': [ '0.1.3' ],
16 silly audit   'safer-buffer': [ '2.1.2' ],
16 silly audit   sax: [ '1.2.4' ],
16 silly audit   semver: [ '7.6.3', '5.7.2' ],
16 silly audit   'semver-diff': [ '2.1.0' ],
16 silly audit   'simple-update-notifier': [ '2.0.0' ],
16 silly audit   slide: [ '1.1.6' ],
16 silly audit   'source-map-support': [ '0.5.21' ],
16 silly audit   'sprintf-js': [ '1.0.3' ],
16 silly audit   sshpk: [ '1.18.0' ],
16 silly audit   'stream-shift': [ '1.0.3' ],
16 silly audit   'string-length': [ '1.0.1' ],
16 silly audit   'strip-ansi': [ '3.0.1' ],
16 silly audit   'strip-json-comments': [ '2.0.1' ],
16 silly audit   svgo: [ '0.6.6' ],
16 silly audit   terser: [ '5.34.0' ],
16 silly audit   'then-fs': [ '2.0.0' ],
16 silly audit   'timed-out': [ '2.0.0' ],
16 silly audit   'to-regex-range': [ '5.0.1' ],
16 silly audit   touch: [ '3.1.1' ],
16 silly audit   'tough-cookie': [ '2.5.0' ],
16 silly audit   tslib: [ '2.7.0' ],
16 silly audit   'tunnel-agent': [ '0.6.0' ],
16 silly audit   tweetnacl: [ '0.14.5' ],
16 silly audit   'uglify-js': [ '2.8.29' ],
16 silly audit   'uglify-to-browserify': [ '1.0.2' ],
16 silly audit   undefsafe: [ '2.0.5' ],
16 silly audit   'update-notifier': [ '0.5.0' ],
16 silly audit   'uri-js': [ '4.4.1' ],
16 silly audit   'util-deprecate': [ '1.0.2' ],
16 silly audit   verror: [ '1.10.0' ],
16 silly audit   'whet.extend': [ '0.9.9' ],
16 silly audit   'window-size': [ '0.1.0' ],
16 silly audit   wordwrap: [ '0.0.2' ],
16 silly audit   wrappy: [ '1.0.2' ],
16 silly audit   'write-file-atomic': [ '1.3.4' ],
16 silly audit   'xdg-basedir': [ '2.0.0' ],
16 silly audit   yargs: [ '3.10.0' ]
16 silly audit }
17 verbose reify failed optional dependency /home/agent/agent-dev/worktrees/skeleton/issue-785/build_wled/WLED/node_modules/fsevents
18 silly reify mark deleted [
18 silly reify   '/home/agent/agent-dev/worktrees/skeleton/issue-785/build_wled/WLED/node_modules/fsevents'
18 silly reify ]
19 silly audit bulk request failed undefined
20 verbose audit error FetchError: request to https://registry.npmjs.org/-/npm/v1/security/audits/quick failed, reason: getaddrinfo EAI_AGAIN registry.npmjs.org
20 verbose audit error     at ClientRequest.<anonymous> (/usr/lib/node_modules/npm/node_modules/minipass-fetch/lib/index.js:130:14)
20 verbose audit error     at ClientRequest.emit (node:events:519:28)
20 verbose audit error     at emitErrorEvent (node:_http_client:108:11)
20 verbose audit error     at _destroy (node:_http_client:963:9)
20 verbose audit error     at onSocketNT (node:_http_client:983:5)
20 verbose audit error     at process.processTicksAndRejections (node:internal/process/task_queues:90:21) {
20 verbose audit error   code: 'EAI_AGAIN',
20 verbose audit error   errno: 'EAI_AGAIN',
20 verbose audit error   syscall: 'getaddrinfo',
20 verbose audit error   hostname: 'registry.npmjs.org',
20 verbose audit error   type: 'system'
20 verbose audit error }
21 silly audit error undefined
22 silly audit report null
23 silly ADD
24 verbose cwd /home/agent/agent-dev/worktrees/skeleton/issue-785/build_wled/WLED
25 verbose os Linux 6.8.0-110-generic
26 verbose node v22.22.2
27 verbose npm  v10.9.7
28 verbose exit 0
29 info ok
